RayMMA 0.1.0 (Release) on NVIDIA A100-SXM4-40GB, compute 8.0
CUDA driver API 13.0, runtime 12.8
builtin-binned-SAH -> BVH8, <=16-triangle leaves, primary rays, WMMA variant=e0e1e2, 9 samples

Grid: 32768 source / 32768 packed triangles | builtin-binned-SAH -> BVH8 3885 nodes | 8192 leaves, logical leaf min/mean/max 4/4.0/4 | build+pack+upload 75.9 ms | unrepresentable/rejected coefficient batches=0
  rays: primary, 36864 active of 36864 camera samples | set hash b7b1059fc2c9b8d1
  coherent        256x144 (36864 rays)
    integrated: CUDA32 0.2417 [0.2140,0.2427] ms | CUDA-packet16 0.4823 [0.4680,0.5007] ms | WMMA(F16->F32)/e0e1e2 0.4844 [0.4669,0.4966] ms
    speedup: WMMA vs CUDA32 0.499x | vs diagnostic CUDA-packet16 0.996x
    separated fixed-work: traversal 0.4782 ms | CUDA leaves 0.1505 ms | WMMA leaves 0.1147 ms (1.312x) | diagnostic sum 0.6287/0.5929 ms
    CUDA32 work: 1.69 nodes/ray 0.20 leaves/ray 0.8 triangle tests/ray
    WMMA work: 0.20 leaves/ray 0.8 triangle pairs/ray | depth updates 0.09/ray | Moller checks=0 | reference hits=3263 | packet leaves max=92 overflow=0 | stack overflow CUDA32/packet16/WMMA/phase=0/0/0/0
    correctness: CUDA32 FP/FN=0/0 primitive=0 invalid=0 max|dt|=0 rel=0 | WMMA FP/FN=0/1 primitive=1 invalid=0 max|dt|=0.0128 rel=0.00557 | phased FP/FN=0/1 primitive=1 invalid=0 max|dt|=0.0128 rel=0.00557 | BVH/brute-256 FP/FN=0/0 primitive=0 invalid=0 max|dt|=0 rel=0 | approximate rates FP/rays=0.0000% FN/reference-hits=0.0306% wrong-primitive/reference-hits=0.0306% => PASS (approximate accuracy is informational)
  packet-shuffled 256x144 (36864 rays)
    integrated: CUDA32 0.1505 [0.1413,0.1536] ms | CUDA-packet16 0.3676 [0.3584,0.3727] ms | WMMA(F16->F32)/e0e1e2 0.3768 [0.3656,0.3871] ms
    speedup: WMMA vs CUDA32 0.399x | vs diagnostic CUDA-packet16 0.976x
    separated fixed-work: traversal 0.3686 ms | CUDA leaves 0.0635 ms | WMMA leaves 0.0492 ms (1.292x) | diagnostic sum 0.4321/0.4178 ms
    CUDA32 work: 1.69 nodes/ray 0.20 leaves/ray 0.8 triangle tests/ray
    WMMA work: 0.20 leaves/ray 0.8 triangle pairs/ray | depth updates 0.09/ray | Moller checks=0 | reference hits=3263 | packet leaves max=35 overflow=0 | stack overflow CUDA32/packet16/WMMA/phase=0/0/0/0
    correctness: CUDA32 FP/FN=0/0 primitive=0 invalid=0 max|dt|=0 rel=0 | WMMA FP/FN=0/1 primitive=1 invalid=0 max|dt|=0.0128 rel=0.00557 | phased FP/FN=0/1 primitive=1 invalid=0 max|dt|=0.0128 rel=0.00557 | BVH/brute-256 FP/FN=0/0 primitive=0 invalid=0 max|dt|=0 rel=0 | approximate rates FP/rays=0.0000% FN/reference-hits=0.0306% wrong-primitive/reference-hits=0.0306% => PASS (approximate accuracy is informational)

Grid: 32768 source / 32768 packed triangles | builtin-binned-SAH -> BVH8 1217 nodes | 4651 leaves, logical leaf min/mean/max 4/7.0/8 | build+pack+upload 65.7 ms | unrepresentable/rejected coefficient batches=0
  rays: primary, 36864 active of 36864 camera samples | set hash b7b1059fc2c9b8d1
  coherent        256x144 (36864 rays)
    integrated: CUDA32 0.2857 [0.2468,0.2888] ms | CUDA-packet16 0.4270 [0.4168,0.4383] ms | WMMA(F16->F32)/e0e1e2 0.3922 [0.3779,0.3994] ms
    speedup: WMMA vs CUDA32 0.728x | vs diagnostic CUDA-packet16 1.089x
    separated fixed-work: traversal 0.3195 ms | CUDA leaves 0.1997 ms | WMMA leaves 0.1526 ms (1.309x) | diagnostic sum 0.5192/0.4721 ms
    CUDA32 work: 1.57 nodes/ray 0.21 leaves/ray 1.5 triangle tests/ray
    WMMA work: 0.21 leaves/ray 1.5 triangle pairs/ray | depth updates 0.09/ray | Moller checks=0 | reference hits=3263 | packet leaves max=75 overflow=0 | stack overflow CUDA32/packet16/WMMA/phase=0/0/0/0
    correctness: CUDA32 FP/FN=0/0 primitive=0 invalid=0 max|dt|=0 rel=0 | WMMA FP/FN=0/1 primitive=2 invalid=0 max|dt|=0.0115 rel=0.00557 | phased FP/FN=0/1 primitive=2 invalid=0 max|dt|=0.0115 rel=0.00557 | BVH/brute-256 FP/FN=0/0 primitive=0 invalid=0 max|dt|=0 rel=0 | approximate rates FP/rays=0.0000% FN/reference-hits=0.0306% wrong-primitive/reference-hits=0.0613% => PASS (approximate accuracy is informational)
  packet-shuffled 256x144 (36864 rays)
    integrated: CUDA32 0.1649 [0.1495,0.1679] ms | CUDA-packet16 0.3430 [0.3267,0.3482] ms | WMMA(F16->F32)/e0e1e2 0.3451 [0.3256,0.3502] ms
    speedup: WMMA vs CUDA32 0.478x | vs diagnostic CUDA-packet16 0.994x
    separated fixed-work: traversal 0.3144 ms | CUDA leaves 0.0840 ms | WMMA leaves 0.0666 ms (1.262x) | diagnostic sum 0.3983/0.3809 ms
    CUDA32 work: 1.57 nodes/ray 0.21 leaves/ray 1.5 triangle tests/ray
    WMMA work: 0.21 leaves/ray 1.5 triangle pairs/ray | depth updates 0.09/ray | Moller checks=0 | reference hits=3263 | packet leaves max=30 overflow=0 | stack overflow CUDA32/packet16/WMMA/phase=0/0/0/0
    correctness: CUDA32 FP/FN=0/0 primitive=0 invalid=0 max|dt|=0 rel=0 | WMMA FP/FN=0/1 primitive=2 invalid=0 max|dt|=0.0115 rel=0.00557 | phased FP/FN=0/1 primitive=2 invalid=0 max|dt|=0.0115 rel=0.00557 | BVH/brute-256 FP/FN=0/0 primitive=0 invalid=0 max|dt|=0 rel=0 | approximate rates FP/rays=0.0000% FN/reference-hits=0.0306% wrong-primitive/reference-hits=0.0613% => PASS (approximate accuracy is informational)

Grid: 32768 source / 32768 packed triangles | builtin-binned-SAH -> BVH8 619 nodes | 2613 leaves, logical leaf min/mean/max 4/12.5/16 | build+pack+upload 52.3 ms | unrepresentable/rejected coefficient batches=0
  rays: primary, 36864 active of 36864 camera samples | set hash b7b1059fc2c9b8d1
  coherent        256x144 (36864 rays)
    integrated: CUDA32 0.3512 [0.3113,0.3564] ms | CUDA-packet16 0.4198 [0.3922,0.4321] ms | WMMA(F16->F32)/e0e1e2 0.3676 [0.3594,0.3727] ms
    speedup: WMMA vs CUDA32 0.955x | vs diagnostic CUDA-packet16 1.142x
    separated fixed-work: traversal 0.2273 ms | CUDA leaves 0.2458 ms | WMMA leaves 0.1812 ms (1.356x) | diagnostic sum 0.4731/0.4086 ms
    CUDA32 work: 1.52 nodes/ray 0.20 leaves/ray 2.6 triangle tests/ray
    WMMA work: 0.20 leaves/ray 2.6 triangle pairs/ray | depth updates 0.09/ray | Moller checks=0 | reference hits=3263 | packet leaves max=57 overflow=0 | stack overflow CUDA32/packet16/WMMA/phase=0/0/0/0
    correctness: CUDA32 FP/FN=0/0 primitive=0 invalid=0 max|dt|=0 rel=0 | WMMA FP/FN=0/0 primitive=4 invalid=0 max|dt|=0.0266 rel=0.0111 | phased FP/FN=0/0 primitive=4 invalid=0 max|dt|=0.0266 rel=0.0111 | BVH/brute-256 FP/FN=0/0 primitive=0 invalid=0 max|dt|=0 rel=0 | approximate rates FP/rays=0.0000% FN/reference-hits=0.0000% wrong-primitive/reference-hits=0.1226% => PASS (approximate accuracy is informational)
  packet-shuffled 256x144 (36864 rays)
    integrated: CUDA32 0.1853 [0.1669,0.1894] ms | CUDA-packet16 0.3318 [0.3277,0.3430] ms | WMMA(F16->F32)/e0e1e2 0.3205 [0.3062,0.3308] ms
    speedup: WMMA vs CUDA32 0.578x | vs diagnostic CUDA-packet16 1.035x
    separated fixed-work: traversal 0.2693 ms | CUDA leaves 0.1188 ms | WMMA leaves 0.0911 ms (1.303x) | diagnostic sum 0.3881/0.3604 ms
    CUDA32 work: 1.52 nodes/ray 0.20 leaves/ray 2.6 triangle tests/ray
    WMMA work: 0.20 leaves/ray 2.6 triangle pairs/ray | depth updates 0.09/ray | Moller checks=0 | reference hits=3263 | packet leaves max=25 overflow=0 | stack overflow CUDA32/packet16/WMMA/phase=0/0/0/0
    correctness: CUDA32 FP/FN=0/0 primitive=0 invalid=0 max|dt|=0 rel=0 | WMMA FP/FN=0/0 primitive=4 invalid=0 max|dt|=0.0266 rel=0.0111 | phased FP/FN=0/0 primitive=4 invalid=0 max|dt|=0.0266 rel=0.0111 | BVH/brute-256 FP/FN=0/0 primitive=0 invalid=0 max|dt|=0 rel=0 | approximate rates FP/rays=0.0000% FN/reference-hits=0.0000% wrong-primitive/reference-hits=0.1226% => PASS (approximate accuracy is informational)

Grid: 32768 source / 32768 packed triangles | builtin-binned-SAH -> BVH8 585 nodes | 1302 leaves, logical leaf min/mean/max 12/25.2/32 | build+pack+upload 46.5 ms | unrepresentable/rejected coefficient batches=0
  rays: primary, 36864 active of 36864 camera samples | set hash b7b1059fc2c9b8d1
  coherent        256x144 (36864 rays)
    integrated: CUDA32 0.4055 [0.3656,0.4076] ms | CUDA-packet16 0.4864 [0.4639,0.5274] ms | WMMA(F16->F32)/e0e1e2 0.4168 [0.4024,0.4178] ms
    speedup: WMMA vs CUDA32 0.973x | vs diagnostic CUDA-packet16 1.167x
    separated fixed-work: traversal 0.1905 ms | CUDA leaves 0.3441 ms | WMMA leaves 0.2611 ms (1.318x) | diagnostic sum 0.5345/0.4516 ms
    CUDA32 work: 1.52 nodes/ray 0.18 leaves/ray 4.8 triangle tests/ray
    WMMA work: 0.18 leaves/ray 4.8 triangle pairs/ray | depth updates 0.09/ray | Moller checks=0 | reference hits=3263 | packet leaves max=43 overflow=0 | stack overflow CUDA32/packet16/WMMA/phase=0/0/0/0
    correctness: CUDA32 FP/FN=0/0 primitive=0 invalid=0 max|dt|=0 rel=0 | WMMA FP/FN=0/1 primitive=6 invalid=0 max|dt|=0.547 rel=0.211 | phased FP/FN=0/1 primitive=6 invalid=0 max|dt|=0.547 rel=0.211 | BVH/brute-256 FP/FN=0/0 primitive=0 invalid=0 max|dt|=0 rel=0 | approximate rates FP/rays=0.0000% FN/reference-hits=0.0306% wrong-primitive/reference-hits=0.1839% => PASS (approximate accuracy is informational)
  packet-shuffled 256x144 (36864 rays)
    integrated: CUDA32 0.2478 [0.2191,0.2499] ms | CUDA-packet16 0.3635 [0.3502,0.3707] ms | WMMA(F16->F32)/e0e1e2 0.3308 [0.3267,0.3389] ms
    speedup: WMMA vs CUDA32 0.749x | vs diagnostic CUDA-packet16 1.099x
    separated fixed-work: traversal 0.2488 ms | CUDA leaves 0.2171 ms | WMMA leaves 0.1618 ms (1.342x) | diagnostic sum 0.4659/0.4106 ms
    CUDA32 work: 1.52 nodes/ray 0.18 leaves/ray 4.8 triangle tests/ray
    WMMA work: 0.18 leaves/ray 4.8 triangle pairs/ray | depth updates 0.09/ray | Moller checks=0 | reference hits=3263 | packet leaves max=22 overflow=0 | stack overflow CUDA32/packet16/WMMA/phase=0/0/0/0
    correctness: CUDA32 FP/FN=0/0 primitive=0 invalid=0 max|dt|=0 rel=0 | WMMA FP/FN=0/1 primitive=6 invalid=0 max|dt|=0.547 rel=0.211 | phased FP/FN=0/1 primitive=6 invalid=0 max|dt|=0.547 rel=0.211 | BVH/brute-256 FP/FN=0/0 primitive=0 invalid=0 max|dt|=0 rel=0 | approximate rates FP/rays=0.0000% FN/reference-hits=0.0306% wrong-primitive/reference-hits=0.1839% => PASS (approximate accuracy is informational)

Grid: 32768 source / 32768 packed triangles | builtin-binned-SAH -> BVH8 197 nodes | 636 leaves, logical leaf min/mean/max 28/51.5/64 | build+pack+upload 41.6 ms | unrepresentable/rejected coefficient batches=0
  rays: primary, 36864 active of 36864 camera samples | set hash b7b1059fc2c9b8d1
  coherent        256x144 (36864 rays)
    integrated: CUDA32 0.6400 [0.5765,0.6410] ms | CUDA-packet16 0.5212 [0.5140,0.5581] ms | WMMA(F16->F32)/e0e1e2 0.4250 [0.4127,0.4403] ms
    speedup: WMMA vs CUDA32 1.506x | vs diagnostic CUDA-packet16 1.227x
    separated fixed-work: traversal 0.1321 ms | CUDA leaves 0.4516 ms | WMMA leaves 0.3338 ms (1.353x) | diagnostic sum 0.5837/0.4659 ms
    CUDA32 work: 1.38 nodes/ray 0.20 leaves/ray 10.6 triangle tests/ray
    WMMA work: 0.20 leaves/ray 10.6 triangle pairs/ray | depth updates 0.09/ray | Moller checks=0 | reference hits=3263 | packet leaves max=26 overflow=0 | stack overflow CUDA32/packet16/WMMA/phase=0/0/0/0
    correctness: CUDA32 FP/FN=0/0 primitive=0 invalid=0 max|dt|=0 rel=0 | WMMA FP/FN=0/2 primitive=10 invalid=0 max|dt|=0.0779 rel=0.0286 | phased FP/FN=0/2 primitive=10 invalid=0 max|dt|=0.0779 rel=0.0286 | BVH/brute-256 FP/FN=0/0 primitive=0 invalid=0 max|dt|=0 rel=0 | approximate rates FP/rays=0.0000% FN/reference-hits=0.0613% wrong-primitive/reference-hits=0.3065% => PASS (approximate accuracy is informational)
  packet-shuffled 256x144 (36864 rays)
    integrated: CUDA32 0.4393 [0.4178,0.4424] ms | CUDA-packet16 0.4536 [0.4403,0.4557] ms | WMMA(F16->F32)/e0e1e2 0.3789 [0.3748,0.3901] ms
    speedup: WMMA vs CUDA32 1.159x | vs diagnostic CUDA-packet16 1.197x
    separated fixed-work: traversal 0.1976 ms | CUDA leaves 0.3512 ms | WMMA leaves 0.2642 ms (1.329x) | diagnostic sum 0.5489/0.4618 ms
    CUDA32 work: 1.38 nodes/ray 0.20 leaves/ray 10.6 triangle tests/ray
    WMMA work: 0.20 leaves/ray 10.6 triangle pairs/ray | depth updates 0.09/ray | Moller checks=0 | reference hits=3263 | packet leaves max=19 overflow=0 | stack overflow CUDA32/packet16/WMMA/phase=0/0/0/0
    correctness: CUDA32 FP/FN=0/0 primitive=0 invalid=0 max|dt|=0 rel=0 | WMMA FP/FN=0/2 primitive=10 invalid=0 max|dt|=0.0779 rel=0.0286 | phased FP/FN=0/2 primitive=10 invalid=0 max|dt|=0.0779 rel=0.0286 | BVH/brute-256 FP/FN=0/0 primitive=0 invalid=0 max|dt|=0 rel=0 | approximate rates FP/rays=0.0000% FN/reference-hits=0.0613% wrong-primitive/reference-hits=0.3065% => PASS (approximate accuracy is informational)

Grid: 32768 source / 32768 packed triangles | builtin-binned-SAH -> BVH8 73 nodes | 340 leaves, logical leaf min/mean/max 52/96.4/128 | build+pack+upload 37.2 ms | unrepresentable/rejected coefficient batches=0
  rays: primary, 36864 active of 36864 camera samples | set hash b7b1059fc2c9b8d1
  coherent        256x144 (36864 rays)
    integrated: CUDA32 0.8765 [0.7741,0.8827] ms | CUDA-packet16 0.6615 [0.6502,0.6881] ms | WMMA(F16->F32)/e0e1e2 0.5130 [0.4966,0.5151] ms
    speedup: WMMA vs CUDA32 1.709x | vs diagnostic CUDA-packet16 1.289x
    separated fixed-work: traversal 0.0942 ms | CUDA leaves 0.6308 ms | WMMA leaves 0.4659 ms (1.354x) | diagnostic sum 0.7250/0.5601 ms
    CUDA32 work: 1.32 nodes/ray 0.20 leaves/ray 20.3 triangle tests/ray
    WMMA work: 0.20 leaves/ray 20.3 triangle pairs/ray | depth updates 0.09/ray | Moller checks=0 | reference hits=3263 | packet leaves max=18 overflow=0 | stack overflow CUDA32/packet16/WMMA/phase=0/0/0/0
    correctness: CUDA32 FP/FN=0/0 primitive=0 invalid=0 max|dt|=0 rel=0 | WMMA FP/FN=0/5 primitive=8 invalid=0 max|dt|=0.0544 rel=0.022 | phased FP/FN=0/5 primitive=8 invalid=0 max|dt|=0.0544 rel=0.022 | BVH/brute-256 FP/FN=0/0 primitive=0 invalid=0 max|dt|=0 rel=0 | approximate rates FP/rays=0.0000% FN/reference-hits=0.1532% wrong-primitive/reference-hits=0.2452% => PASS (approximate accuracy is informational)
  packet-shuffled 256x144 (36864 rays)
    integrated: CUDA32 0.6257 [0.5857,0.6277] ms | CUDA-packet16 0.6881 [0.6697,0.7066] ms | WMMA(F16->F32)/e0e1e2 0.5345 [0.5243,0.5376] ms
    speedup: WMMA vs CUDA32 1.170x | vs diagnostic CUDA-packet16 1.287x
    separated fixed-work: traversal 0.1454 ms | CUDA leaves 0.5868 ms | WMMA leaves 0.4454 ms (1.317x) | diagnostic sum 0.7322/0.5908 ms
    CUDA32 work: 1.32 nodes/ray 0.20 leaves/ray 20.3 triangle tests/ray
    WMMA work: 0.20 leaves/ray 20.3 triangle pairs/ray | depth updates 0.09/ray | Moller checks=0 | reference hits=3263 | packet leaves max=19 overflow=0 | stack overflow CUDA32/packet16/WMMA/phase=0/0/0/0
    correctness: CUDA32 FP/FN=0/0 primitive=0 invalid=0 max|dt|=0 rel=0 | WMMA FP/FN=0/5 primitive=8 invalid=0 max|dt|=0.0544 rel=0.022 | phased FP/FN=0/5 primitive=8 invalid=0 max|dt|=0.0544 rel=0.022 | BVH/brute-256 FP/FN=0/0 primitive=0 invalid=0 max|dt|=0 rel=0 | approximate rates FP/rays=0.0000% FN/reference-hits=0.1532% wrong-primitive/reference-hits=0.2452% => PASS (approximate accuracy is informational)

Grid: 32768 source / 32768 packed triangles | builtin-binned-SAH -> BVH8 73 nodes | 152 leaves, logical leaf min/mean/max 108/215.6/256 | build+pack+upload 32.2 ms | unrepresentable/rejected coefficient batches=0
  rays: primary, 36864 active of 36864 camera samples | set hash b7b1059fc2c9b8d1
  coherent        256x144 (36864 rays)
    integrated: CUDA32 1.2513 [1.1592,1.2524] ms | CUDA-packet16 1.1530 [1.1008,1.1848] ms | WMMA(F16->F32)/e0e1e2 0.8428 [0.8335,0.8540] ms
    speedup: WMMA vs CUDA32 1.485x | vs diagnostic CUDA-packet16 1.368x
    separated fixed-work: traversal 0.0840 ms | CUDA leaves 1.0527 ms | WMMA leaves 0.8079 ms (1.303x) | diagnostic sum 1.1366/0.8919 ms
    CUDA32 work: 1.32 nodes/ray 0.20 leaves/ray 45.0 triangle tests/ray
    WMMA work: 0.20 leaves/ray 45.2 triangle pairs/ray | depth updates 0.09/ray | Moller checks=0 | reference hits=3263 | packet leaves max=15 overflow=0 | stack overflow CUDA32/packet16/WMMA/phase=0/0/0/0
    correctness: CUDA32 FP/FN=0/0 primitive=0 invalid=0 max|dt|=0 rel=0 | WMMA FP/FN=1/6 primitive=10 invalid=0 max|dt|=0.0743 rel=0.0249 | phased FP/FN=1/6 primitive=10 invalid=0 max|dt|=0.0743 rel=0.0249 | BVH/brute-256 FP/FN=0/0 primitive=0 invalid=0 max|dt|=0 rel=0 | approximate rates FP/rays=0.0027% FN/reference-hits=0.1839% wrong-primitive/reference-hits=0.3065% => PASS (approximate accuracy is informational)
  packet-shuffled 256x144 (36864 rays)
    integrated: CUDA32 0.9124 [0.8765,0.9144] ms | CUDA-packet16 1.1653 [1.1172,1.1981] ms | WMMA(F16->F32)/e0e1e2 0.8806 [0.8704,0.8878] ms
    speedup: WMMA vs CUDA32 1.036x | vs diagnostic CUDA-packet16 1.323x
    separated fixed-work: traversal 0.1229 ms | CUDA leaves 1.2288 ms | WMMA leaves 0.9411 ms (1.306x) | diagnostic sum 1.3517/1.0639 ms
    CUDA32 work: 1.32 nodes/ray 0.20 leaves/ray 45.0 triangle tests/ray
    WMMA work: 0.20 leaves/ray 45.2 triangle pairs/ray | depth updates 0.09/ray | Moller checks=0 | reference hits=3263 | packet leaves max=15 overflow=0 | stack overflow CUDA32/packet16/WMMA/phase=0/0/0/0
    correctness: CUDA32 FP/FN=0/0 primitive=0 invalid=0 max|dt|=0 rel=0 | WMMA FP/FN=1/6 primitive=10 invalid=0 max|dt|=0.0743 rel=0.0249 | phased FP/FN=1/6 primitive=10 invalid=0 max|dt|=0.0743 rel=0.0249 | BVH/brute-256 FP/FN=0/0 primitive=0 invalid=0 max|dt|=0 rel=0 | approximate rates FP/rays=0.0027% FN/reference-hits=0.1839% wrong-primitive/reference-hits=0.3065% => PASS (approximate accuracy is informational)

research harness => PASS (approximate image accuracy is reported above)
