RayMMA 0.1.0 (Release) on NVIDIA A10, compute 8.6
CUDA driver API 13.0, runtime 12.8
builtin-binned-SAH -> BVH8, <=16-triangle leaves, secondary-diffuse rays, WMMA variant=uvt-depthsorted, 9 samples

Grid: 32768 source / 32768 packed triangles | builtin-binned-SAH -> BVH8 3885 nodes | 8192 leaves, logical leaf min/mean/max 4/4.0/4 | build+pack+upload 60.8 ms | unrepresentable/rejected coefficient batches=0
  rays: secondary-diffuse, 3263 active of 36864 camera samples | set hash 3d0b7ad6a70c175a (primary trace + deterministic cosine bounce setup 1.19 ms, excluded from trace timing)
  pixel-ordered   256x144 (3263 rays)
    integrated: CUDA32 0.3041 [0.2826,0.3061] ms | CUDA-packet16 0.6431 [0.6410,0.6676] ms | WMMA(F16->F32)/uvt-depthsorted 0.6522 [0.6472,0.6554] ms
    speedup: WMMA vs CUDA32 0.466x | vs diagnostic CUDA-packet16 0.986x
    separated fixed-work: traversal 0.7240 ms | CUDA leaves 0.1329 ms | WMMA leaves 0.1055 ms (1.260x) | diagnostic sum 0.8569/0.8294 ms
    CUDA32 work: 8.10 nodes/ray 2.64 leaves/ray 10.6 triangle tests/ray
    WMMA work: 2.64 leaves/ray 10.6 triangle pairs/ray | depth updates 0.34/ray | Moller checks=0 | reference hits=637 | packet leaves max=103 overflow=0 | stack overflow CUDA32/packet16/WMMA/phase=0/0/0/0
    correctness: CUDA32 FP/FN=0/0 primitive=0 invalid=0 max|dt|=0 rel=0 | WMMA FP/FN=0/0 primitive=1 invalid=0 max|dt|=0.00042 rel=0.00638 | phased FP/FN=0/0 primitive=1 invalid=0 max|dt|=0.00042 rel=0.00638 | BVH/brute-256 FP/FN=0/0 primitive=0 invalid=0 max|dt|=0 rel=0 | approximate rates FP/rays=0.0000% FN/reference-hits=0.0000% wrong-primitive/reference-hits=0.1570% => PASS (approximate accuracy is informational)
  packet-shuffled 256x144 (3263 rays)
    integrated: CUDA32 0.3133 [0.2948,0.3185] ms | CUDA-packet16 0.7199 [0.7186,0.7393] ms | WMMA(F16->F32)/uvt-depthsorted 0.7301 [0.7281,0.7332] ms
    speedup: WMMA vs CUDA32 0.429x | vs diagnostic CUDA-packet16 0.986x
    separated fixed-work: traversal 0.8500 ms | CUDA leaves 0.1280 ms | WMMA leaves 0.0991 ms (1.292x) | diagnostic sum 0.9780/0.9492 ms
    CUDA32 work: 8.10 nodes/ray 2.64 leaves/ray 10.6 triangle tests/ray
    WMMA work: 2.64 leaves/ray 10.6 triangle pairs/ray | depth updates 0.34/ray | Moller checks=0 | reference hits=637 | packet leaves max=94 overflow=0 | stack overflow CUDA32/packet16/WMMA/phase=0/0/0/0
    correctness: CUDA32 FP/FN=0/0 primitive=0 invalid=0 max|dt|=0 rel=0 | WMMA FP/FN=0/0 primitive=1 invalid=0 max|dt|=0.00042 rel=0.00638 | phased FP/FN=0/0 primitive=1 invalid=0 max|dt|=0.00042 rel=0.00638 | BVH/brute-256 FP/FN=0/0 primitive=0 invalid=0 max|dt|=0 rel=0 | approximate rates FP/rays=0.0000% FN/reference-hits=0.0000% wrong-primitive/reference-hits=0.1570% => PASS (approximate accuracy is informational)

Grid: 32768 source / 32768 packed triangles | builtin-binned-SAH -> BVH8 1217 nodes | 4651 leaves, logical leaf min/mean/max 4/7.0/8 | build+pack+upload 53.3 ms | unrepresentable/rejected coefficient batches=0
  rays: secondary-diffuse, 3263 active of 36864 camera samples | set hash 3d0b7ad6a70c175a (primary trace + deterministic cosine bounce setup 1.08 ms, excluded from trace timing)
  pixel-ordered   256x144 (3263 rays)
    integrated: CUDA32 0.3215 [0.2876,0.3275] ms | CUDA-packet16 0.5572 [0.5559,0.5857] ms | WMMA(F16->F32)/uvt-depthsorted 0.5467 [0.5448,0.5478] ms
    speedup: WMMA vs CUDA32 0.588x | vs diagnostic CUDA-packet16 1.019x
    separated fixed-work: traversal 0.5550 ms | CUDA leaves 0.1956 ms | WMMA leaves 0.1526 ms (1.282x) | diagnostic sum 0.7506/0.7076 ms
    CUDA32 work: 6.53 nodes/ray 2.48 leaves/ray 18.0 triangle tests/ray
    WMMA work: 2.48 leaves/ray 18.0 triangle pairs/ray | depth updates 0.33/ray | Moller checks=0 | reference hits=637 | packet leaves max=96 overflow=0 | stack overflow CUDA32/packet16/WMMA/phase=0/0/0/0
    correctness: CUDA32 FP/FN=0/0 primitive=0 invalid=0 max|dt|=0 rel=0 | WMMA FP/FN=0/0 primitive=0 invalid=0 max|dt|=0.00042 rel=0.00654 | phased FP/FN=0/0 primitive=0 invalid=0 max|dt|=0.00042 rel=0.00654 | BVH/brute-256 FP/FN=0/0 primitive=0 invalid=0 max|dt|=0 rel=0 | approximate rates FP/rays=0.0000% FN/reference-hits=0.0000% wrong-primitive/reference-hits=0.0000% => PASS (approximate accuracy is informational)
  packet-shuffled 256x144 (3263 rays)
    integrated: CUDA32 0.3482 [0.3185,0.3532] ms | CUDA-packet16 0.6382 [0.6378,0.6564] ms | WMMA(F16->F32)/uvt-depthsorted 0.6359 [0.6328,0.6368] ms
    speedup: WMMA vs CUDA32 0.548x | vs diagnostic CUDA-packet16 1.004x
    separated fixed-work: traversal 0.6472 ms | CUDA leaves 0.1925 ms | WMMA leaves 0.1475 ms (1.306x) | diagnostic sum 0.8397/0.7946 ms
    CUDA32 work: 6.53 nodes/ray 2.48 leaves/ray 18.0 triangle tests/ray
    WMMA work: 2.48 leaves/ray 18.0 triangle pairs/ray | depth updates 0.33/ray | Moller checks=0 | reference hits=637 | packet leaves max=87 overflow=0 | stack overflow CUDA32/packet16/WMMA/phase=0/0/0/0
    correctness: CUDA32 FP/FN=0/0 primitive=0 invalid=0 max|dt|=0 rel=0 | WMMA FP/FN=0/0 primitive=0 invalid=0 max|dt|=0.00042 rel=0.00654 | phased FP/FN=0/0 primitive=0 invalid=0 max|dt|=0.00042 rel=0.00654 | BVH/brute-256 FP/FN=0/0 primitive=0 invalid=0 max|dt|=0 rel=0 | approximate rates FP/rays=0.0000% FN/reference-hits=0.0000% wrong-primitive/reference-hits=0.0000% => PASS (approximate accuracy is informational)

Grid: 32768 source / 32768 packed triangles | builtin-binned-SAH -> BVH8 619 nodes | 2613 leaves, logical leaf min/mean/max 4/12.5/16 | build+pack+upload 45.0 ms | unrepresentable/rejected coefficient batches=0
  rays: secondary-diffuse, 3263 active of 36864 camera samples | set hash 3d0b7ad6a70c175a (primary trace + deterministic cosine bounce setup 1.11 ms, excluded from trace timing)
  pixel-ordered   256x144 (3263 rays)
    integrated: CUDA32 0.4004 [0.3471,0.4033] ms | CUDA-packet16 0.5407 [0.5396,0.5673] ms | WMMA(F16->F32)/uvt-depthsorted 0.5059 [0.5057,0.5100] ms
    speedup: WMMA vs CUDA32 0.791x | vs diagnostic CUDA-packet16 1.069x
    separated fixed-work: traversal 0.4434 ms | CUDA leaves 0.2714 ms | WMMA leaves 0.2109 ms (1.286x) | diagnostic sum 0.7148/0.6543 ms
    CUDA32 work: 6.03 nodes/ray 2.31 leaves/ray 30.6 triangle tests/ray
    WMMA work: 2.31 leaves/ray 30.6 triangle pairs/ray | depth updates 0.33/ray | Moller checks=0 | reference hits=637 | packet leaves max=79 overflow=0 | stack overflow CUDA32/packet16/WMMA/phase=0/0/0/0
    correctness: CUDA32 FP/FN=0/0 primitive=0 invalid=0 max|dt|=0 rel=0 | WMMA FP/FN=0/0 primitive=2 invalid=0 max|dt|=0.113 rel=2.42 | phased FP/FN=0/0 primitive=2 invalid=0 max|dt|=0.113 rel=2.42 | BVH/brute-256 FP/FN=0/0 primitive=0 invalid=0 max|dt|=0 rel=0 | approximate rates FP/rays=0.0000% FN/reference-hits=0.0000% wrong-primitive/reference-hits=0.3140% => PASS (approximate accuracy is informational)
  packet-shuffled 256x144 (3263 rays)
    integrated: CUDA32 0.4035 [0.3738,0.4065] ms | CUDA-packet16 0.6175 [0.6162,0.6502] ms | WMMA(F16->F32)/uvt-depthsorted 0.5917 [0.5908,0.5920] ms
    speedup: WMMA vs CUDA32 0.682x | vs diagnostic CUDA-packet16 1.044x
    separated fixed-work: traversal 0.5179 ms | CUDA leaves 0.3062 ms | WMMA leaves 0.2345 ms (1.306x) | diagnostic sum 0.8241/0.7524 ms
    CUDA32 work: 6.03 nodes/ray 2.31 leaves/ray 30.6 triangle tests/ray
    WMMA work: 2.31 leaves/ray 30.6 triangle pairs/ray | depth updates 0.33/ray | Moller checks=0 | reference hits=637 | packet leaves max=82 overflow=0 | stack overflow CUDA32/packet16/WMMA/phase=0/0/0/0
    correctness: CUDA32 FP/FN=0/0 primitive=0 invalid=0 max|dt|=0 rel=0 | WMMA FP/FN=0/0 primitive=2 invalid=0 max|dt|=0.113 rel=2.42 | phased FP/FN=0/0 primitive=2 invalid=0 max|dt|=0.113 rel=2.42 | BVH/brute-256 FP/FN=0/0 primitive=0 invalid=0 max|dt|=0 rel=0 | approximate rates FP/rays=0.0000% FN/reference-hits=0.0000% wrong-primitive/reference-hits=0.3140% => PASS (approximate accuracy is informational)

Grid: 32768 source / 32768 packed triangles | builtin-binned-SAH -> BVH8 585 nodes | 1302 leaves, logical leaf min/mean/max 12/25.2/32 | build+pack+upload 40.4 ms | unrepresentable/rejected coefficient batches=0
  rays: secondary-diffuse, 3263 active of 36864 camera samples | set hash 3d0b7ad6a70c175a (primary trace + deterministic cosine bounce setup 1.09 ms, excluded from trace timing)
  pixel-ordered   256x144 (3263 rays)
    integrated: CUDA32 0.4999 [0.4536,0.5037] ms | CUDA-packet16 0.5990 [0.5970,0.6697] ms | WMMA(F16->F32)/uvt-depthsorted 0.5468 [0.5448,0.5476] ms
    speedup: WMMA vs CUDA32 0.914x | vs diagnostic CUDA-packet16 1.096x
    separated fixed-work: traversal 0.3789 ms | CUDA leaves 0.3921 ms | WMMA leaves 0.2988 ms (1.312x) | diagnostic sum 0.7709/0.6777 ms
    CUDA32 work: 6.00 nodes/ray 2.14 leaves/ray 56.2 triangle tests/ray
    WMMA work: 2.14 leaves/ray 56.2 triangle pairs/ray | depth updates 0.33/ray | Moller checks=0 | reference hits=637 | packet leaves max=59 overflow=0 | stack overflow CUDA32/packet16/WMMA/phase=0/0/0/0
    correctness: CUDA32 FP/FN=0/0 primitive=0 invalid=0 max|dt|=0 rel=0 | WMMA FP/FN=0/1 primitive=1 invalid=0 max|dt|=0.000331 rel=0.0061 | phased FP/FN=0/1 primitive=1 invalid=0 max|dt|=0.000331 rel=0.0061 | BVH/brute-256 FP/FN=0/0 primitive=0 invalid=0 max|dt|=0 rel=0 | approximate rates FP/rays=0.0000% FN/reference-hits=0.1570% wrong-primitive/reference-hits=0.1570% => PASS (approximate accuracy is informational)
  packet-shuffled 256x144 (3263 rays)
    integrated: CUDA32 0.4977 [0.4618,0.5018] ms | CUDA-packet16 0.7291 [0.7290,0.7793] ms | WMMA(F16->F32)/uvt-depthsorted 0.6615 [0.6584,0.6644] ms
    speedup: WMMA vs CUDA32 0.752x | vs diagnostic CUDA-packet16 1.102x
    separated fixed-work: traversal 0.4442 ms | CUDA leaves 0.5151 ms | WMMA leaves 0.3961 ms (1.300x) | diagnostic sum 0.9593/0.8403 ms
    CUDA32 work: 6.00 nodes/ray 2.14 leaves/ray 56.2 triangle tests/ray
    WMMA work: 2.14 leaves/ray 56.2 triangle pairs/ray | depth updates 0.33/ray | Moller checks=0 | reference hits=637 | packet leaves max=71 overflow=0 | stack overflow CUDA32/packet16/WMMA/phase=0/0/0/0
    correctness: CUDA32 FP/FN=0/0 primitive=0 invalid=0 max|dt|=0 rel=0 | WMMA FP/FN=0/1 primitive=1 invalid=0 max|dt|=0.000331 rel=0.0061 | phased FP/FN=0/1 primitive=1 invalid=0 max|dt|=0.000331 rel=0.0061 | BVH/brute-256 FP/FN=0/0 primitive=0 invalid=0 max|dt|=0 rel=0 | approximate rates FP/rays=0.0000% FN/reference-hits=0.1570% wrong-primitive/reference-hits=0.1570% => PASS (approximate accuracy is informational)

Grid: 32768 source / 32768 packed triangles | builtin-binned-SAH -> BVH8 197 nodes | 636 leaves, logical leaf min/mean/max 28/51.5/64 | build+pack+upload 36.2 ms | unrepresentable/rejected coefficient batches=0
  rays: secondary-diffuse, 3263 active of 36864 camera samples | set hash 3d0b7ad6a70c175a (primary trace + deterministic cosine bounce setup 1.17 ms, excluded from trace timing)
  pixel-ordered   256x144 (3263 rays)
    integrated: CUDA32 0.8632 [0.7578,0.8704] ms | CUDA-packet16 0.7864 [0.7854,0.8806] ms | WMMA(F16->F32)/uvt-depthsorted 0.6605 [0.6564,0.6625] ms
    speedup: WMMA vs CUDA32 1.307x | vs diagnostic CUDA-packet16 1.191x
    separated fixed-work: traversal 0.2376 ms | CUDA leaves 0.7690 ms | WMMA leaves 0.5960 ms (1.290x) | diagnostic sum 1.0066/0.8335 ms
    CUDA32 work: 4.52 nodes/ray 2.00 leaves/ray 106.3 triangle tests/ray
    WMMA work: 2.01 leaves/ray 106.4 triangle pairs/ray | depth updates 0.30/ray | Moller checks=0 | reference hits=637 | packet leaves max=57 overflow=0 | stack overflow CUDA32/packet16/WMMA/phase=0/0/0/0
    correctness: CUDA32 FP/FN=0/0 primitive=0 invalid=0 max|dt|=0 rel=0 | WMMA FP/FN=0/1 primitive=2 invalid=0 max|dt|=0.000314 rel=0.00824 | phased FP/FN=0/1 primitive=2 invalid=0 max|dt|=0.000314 rel=0.00824 | BVH/brute-256 FP/FN=0/0 primitive=0 invalid=0 max|dt|=0 rel=0 | approximate rates FP/rays=0.0000% FN/reference-hits=0.1570% wrong-primitive/reference-hits=0.3140% => PASS (approximate accuracy is informational)
  packet-shuffled 256x144 (3263 rays)
    integrated: CUDA32 0.8652 [0.7619,0.8660] ms | CUDA-packet16 0.9349 [0.9287,0.9482] ms | WMMA(F16->F32)/uvt-depthsorted 0.7721 [0.7711,0.7771] ms
    speedup: WMMA vs CUDA32 1.121x | vs diagnostic CUDA-packet16 1.211x
    separated fixed-work: traversal 0.2949 ms | CUDA leaves 0.8806 ms | WMMA leaves 0.6798 ms (1.295x) | diagnostic sum 1.1756/0.9747 ms
    CUDA32 work: 4.52 nodes/ray 2.00 leaves/ray 106.3 triangle tests/ray
    WMMA work: 2.01 leaves/ray 106.4 triangle pairs/ray | depth updates 0.30/ray | Moller checks=0 | reference hits=637 | packet leaves max=64 overflow=0 | stack overflow CUDA32/packet16/WMMA/phase=0/0/0/0
    correctness: CUDA32 FP/FN=0/0 primitive=0 invalid=0 max|dt|=0 rel=0 | WMMA FP/FN=0/1 primitive=2 invalid=0 max|dt|=0.000314 rel=0.00824 | phased FP/FN=0/1 primitive=2 invalid=0 max|dt|=0.000314 rel=0.00824 | BVH/brute-256 FP/FN=0/0 primitive=0 invalid=0 max|dt|=0 rel=0 | approximate rates FP/rays=0.0000% FN/reference-hits=0.1570% wrong-primitive/reference-hits=0.3140% => PASS (approximate accuracy is informational)

Grid: 32768 source / 32768 packed triangles | builtin-binned-SAH -> BVH8 73 nodes | 340 leaves, logical leaf min/mean/max 52/96.4/128 | build+pack+upload 33.1 ms | unrepresentable/rejected coefficient batches=0
  rays: secondary-diffuse, 3263 active of 36864 camera samples | set hash 3d0b7ad6a70c175a (primary trace + deterministic cosine bounce setup 1.37 ms, excluded from trace timing)
  pixel-ordered   256x144 (3263 rays)
    integrated: CUDA32 1.1295 [1.0117,1.1315] ms | CUDA-packet16 1.0844 [1.0823,1.1805] ms | WMMA(F16->F32)/uvt-depthsorted 0.8694 [0.8673,0.8704] ms
    speedup: WMMA vs CUDA32 1.299x | vs diagnostic CUDA-packet16 1.247x
    separated fixed-work: traversal 0.1699 ms | CUDA leaves 1.2288 ms | WMMA leaves 0.9503 ms (1.293x) | diagnostic sum 1.3987/1.1202 ms
    CUDA32 work: 3.92 nodes/ray 1.92 leaves/ray 196.3 triangle tests/ray
    WMMA work: 1.92 leaves/ray 196.3 triangle pairs/ray | depth updates 0.31/ray | Moller checks=0 | reference hits=637 | packet leaves max=47 overflow=0 | stack overflow CUDA32/packet16/WMMA/phase=0/0/0/0
    correctness: CUDA32 FP/FN=0/0 primitive=0 invalid=0 max|dt|=0 rel=0 | WMMA FP/FN=0/0 primitive=3 invalid=0 max|dt|=0.113 rel=2.42 | phased FP/FN=0/0 primitive=3 invalid=0 max|dt|=0.113 rel=2.42 | BVH/brute-256 FP/FN=0/0 primitive=0 invalid=0 max|dt|=0 rel=0 | approximate rates FP/rays=0.0000% FN/reference-hits=0.0000% wrong-primitive/reference-hits=0.4710% => PASS (approximate accuracy is informational)
  packet-shuffled 256x144 (3263 rays)
    integrated: CUDA32 1.2861 [1.1971,1.2892] ms | CUDA-packet16 1.2954 [1.2932,1.3251] ms | WMMA(F16->F32)/uvt-depthsorted 1.0465 [1.0445,1.0476] ms
    speedup: WMMA vs CUDA32 1.229x | vs diagnostic CUDA-packet16 1.238x
    separated fixed-work: traversal 0.2028 ms | CUDA leaves 1.5237 ms | WMMA leaves 1.1694 ms (1.303x) | diagnostic sum 1.7265/1.3722 ms
    CUDA32 work: 3.92 nodes/ray 1.92 leaves/ray 196.3 triangle tests/ray
    WMMA work: 1.92 leaves/ray 196.3 triangle pairs/ray | depth updates 0.31/ray | Moller checks=0 | reference hits=637 | packet leaves max=60 overflow=0 | stack overflow CUDA32/packet16/WMMA/phase=0/0/0/0
    correctness: CUDA32 FP/FN=0/0 primitive=0 invalid=0 max|dt|=0 rel=0 | WMMA FP/FN=0/0 primitive=3 invalid=0 max|dt|=0.113 rel=2.42 | phased FP/FN=0/0 primitive=3 invalid=0 max|dt|=0.113 rel=2.42 | BVH/brute-256 FP/FN=0/0 primitive=0 invalid=0 max|dt|=0 rel=0 | approximate rates FP/rays=0.0000% FN/reference-hits=0.0000% wrong-primitive/reference-hits=0.4710% => PASS (approximate accuracy is informational)

Grid: 32768 source / 32768 packed triangles | builtin-binned-SAH -> BVH8 73 nodes | 152 leaves, logical leaf min/mean/max 108/215.6/256 | build+pack+upload 29.2 ms | unrepresentable/rejected coefficient batches=0
  rays: secondary-diffuse, 3263 active of 36864 camera samples | set hash 3d0b7ad6a70c175a (primary trace + deterministic cosine bounce setup 1.74 ms, excluded from trace timing)
  pixel-ordered   256x144 (3263 rays)
    integrated: CUDA32 1.8115 [1.7050,1.8154] ms | CUDA-packet16 1.9057 [1.8975,2.0367] ms | WMMA(F16->F32)/uvt-depthsorted 1.4530 [1.4467,1.4531] ms
    speedup: WMMA vs CUDA32 1.247x | vs diagnostic CUDA-packet16 1.312x
    separated fixed-work: traversal 0.1369 ms | CUDA leaves 2.1903 ms | WMMA leaves 1.7551 ms (1.248x) | diagnostic sum 2.3273/1.8921 ms
    CUDA32 work: 3.92 nodes/ray 1.92 leaves/ray 441.5 triangle tests/ray
    WMMA work: 1.92 leaves/ray 441.5 triangle pairs/ray | depth updates 0.30/ray | Moller checks=0 | reference hits=637 | packet leaves max=40 overflow=0 | stack overflow CUDA32/packet16/WMMA/phase=0/0/0/0
    correctness: CUDA32 FP/FN=0/0 primitive=0 invalid=0 max|dt|=0 rel=0 | WMMA FP/FN=0/3 primitive=3 invalid=0 max|dt|=0.00037 rel=0.0244 | phased FP/FN=0/3 primitive=3 invalid=0 max|dt|=0.00037 rel=0.0244 | BVH/brute-256 FP/FN=0/0 primitive=0 invalid=0 max|dt|=0 rel=0 | approximate rates FP/rays=0.0000% FN/reference-hits=0.4710% wrong-primitive/reference-hits=0.4710% => PASS (approximate accuracy is informational)
  packet-shuffled 256x144 (3263 rays)
    integrated: CUDA32 2.1576 [2.0388,2.1586] ms | CUDA-packet16 2.5477 [2.5434,2.6112] ms | WMMA(F16->F32)/uvt-depthsorted 1.9907 [1.9886,1.9917] ms
    speedup: WMMA vs CUDA32 1.084x | vs diagnostic CUDA-packet16 1.280x
    separated fixed-work: traversal 0.1597 ms | CUDA leaves 3.1374 ms | WMMA leaves 2.3940 ms (1.311x) | diagnostic sum 3.2972/2.5538 ms
    CUDA32 work: 3.92 nodes/ray 1.92 leaves/ray 441.5 triangle tests/ray
    WMMA work: 1.92 leaves/ray 441.5 triangle pairs/ray | depth updates 0.30/ray | Moller checks=0 | reference hits=637 | packet leaves max=54 overflow=0 | stack overflow CUDA32/packet16/WMMA/phase=0/0/0/0
    correctness: CUDA32 FP/FN=0/0 primitive=0 invalid=0 max|dt|=0 rel=0 | WMMA FP/FN=0/3 primitive=3 invalid=0 max|dt|=0.00037 rel=0.0244 | phased FP/FN=0/3 primitive=3 invalid=0 max|dt|=0.00037 rel=0.0244 | BVH/brute-256 FP/FN=0/0 primitive=0 invalid=0 max|dt|=0 rel=0 | approximate rates FP/rays=0.0000% FN/reference-hits=0.4710% wrong-primitive/reference-hits=0.4710% => PASS (approximate accuracy is informational)

research harness => PASS (approximate image accuracy is reported above)
